timestamp,agent.name,rule.description,data.win.system.message,data.win.eventdata.targetFilename
"Jul 16, 2024 @ 18:24:23.487","Windows-10-Home-Edition-Vulnerable-OS","Sysmon - Event 1: Process creation.",""Process Create:
RuleName: technique_id=T1204,technique_name=User Execution
UtcTime: 2024-07-16 12:44:18.965
ProcessGuid: {e2220e9d-6b22-6696-4b02-000000002600}
ProcessId: 5668
Image: C:\Windows\System32\notepad.exe
FileVersion: 10.0.19041.4355 (WinBuild.160101.0800)
Description: Notepad
Product: Microsoft® Windows® Operating System
Company: Microsoft Corporation
OriginalFileName: NOTEPAD.EXE
CommandLine: "C:\Windows\system32\NOTEPAD.EXE" C:\Users\compromised-windows\Desktop\ransomware-simulator-note.txt
CurrentDirectory: C:\Users\compromised-windows\Desktop\
User: WINDOWS-11-VULN\compromised-windows
LogonGuid: {e2220e9d-6751-6696-8367-050000000000}
LogonId: 0x56783
TerminalSessionId: 1
IntegrityLevel: High
Hashes: SHA1=BD6B9B8BF4B0911846A089C620CE3B4A43EE9674,MD5=BD33AA772F4751C5A79F94636088774E,SHA256=C286747D319818C1205FD487040840353C5F4542FAFFDABAE9131481BDFEB92A,IMPHASH=09ED737A03DB7295BF734A9953F6EB5E
ParentProcessGuid: {e2220e9d-6760-6696-8000-000000002600}
ParentProcessId: 4424
ParentImage: C:\Windows\explorer.exe
ParentCommandLine: C:\Windows\Explorer.EXE
ParentUser: WINDOWS-11-VULN\compromised-windows"",
"Jul 16, 2024 @ 18:19:44.229","Windows-10-Home-Edition-Vulnerable-OS","Sysmon - Event 15: FileCreateStreamHash.",""File stream created:
RuleName: technique_id=T1189,technique_name=Drive-by Compromise
UtcTime: 2024-07-16 12:40:32.360
ProcessGuid: {e2220e9d-6a3f-6696-2502-000000002600}
ProcessId: 5996
Image: C:\Users\compromised-windows\AppData\Local\Google\Chrome\Application\chrome.exe
TargetFilename: C:\Users\compromised-windows\Downloads\quickbuck.exe:Zone.Identifier
CreationUtcTime: 2024-07-16 12:40:29.727
Hash: SHA1=33FC118061A2B5F3EBC054E6EAC9304FFB77E83E,MD5=AC1CE1C48F53309E6B365689A03C50FA,SHA256=AEB7BB47D4E151E66B7433507A542FF25D5E14D4EAF339B20E8A91967ABB5D0C,IMPHASH=00000000000000000000000000000000
Contents: [ZoneTransfer]  ZoneId=3  ReferrerUrl=https://github.com/NextronSystems/ransomware-simulator/releases  
User: WINDOWS-11-VULN\compromised-windows"","C:\\Users\\compromised-windows\\Downloads\\quickbuck.exe:Zone.Identifier"
"Jul 16, 2024 @ 18:19:24.990","Windows-10-Home-Edition-Vulnerable-OS","Sysmon - Event 15: FileCreateStreamHash.",""File stream created:
RuleName: technique_id=T1189,technique_name=Drive-by Compromise
UtcTime: 2024-07-16 12:39:55.268
ProcessGuid: {e2220e9d-6760-6696-8000-000000002600}
ProcessId: 4424
Image: C:\Windows\Explorer.EXE
TargetFilename: C:\Users\compromised-windows\Downloads\ransomware-simulator-1.0.3\ransomware-simulator-1.0.3\lib\simulatemacro\macro.go:Zone.Identifier
CreationUtcTime: 2022-05-15 21:35:36.000
Hash: SHA1=E93D1A434B59A42820732197B71B86D06DFCC038,MD5=945082ECF1E638025DA201AD4A68A73A,SHA256=BDD25DDAD86AE69B59E5B113DCAAE19D4FEFE3C65E9F56276F869E0A05D0D349,IMPHASH=00000000000000000000000000000000
Contents: [ZoneTransfer]  ZoneId=3  ReferrerUrl=C:\Users\compromised-windows\Downloads\ransomware-simulator-1.0.3.zip  
User: WINDOWS-11-VULN\compromised-windows"","C:\\Users\\compromised-windows\\Downloads\\ransomware-simulator-1.0.3\\ransomware-simulator-1.0.3\\lib\\simulatemacro\\macro.go:Zone.Identifier"
"Jul 16, 2024 @ 18:19:24.956","Windows-10-Home-Edition-Vulnerable-OS","Sysmon - Event 15: FileCreateStreamHash.",""File stream created:
RuleName: -
UtcTime: 2024-07-16 12:39:55.268
ProcessGuid: {e2220e9d-6760-6696-8000-000000002600}
ProcessId: 4424
Image: C:\Windows\Explorer.EXE
TargetFilename: C:\Users\compromised-windows\Downloads\ransomware-simulator-1.0.3\ransomware-simulator-1.0.3\lib\simulatemacro\macro.go
CreationUtcTime: 2022-05-15 21:35:36.000
Hash: SHA1=4437B8922BBF5397DD2E6BDBB6306A3089221FC7,MD5=C4629185EEE21B8132764C98622E3FEE,SHA256=193CE235F8A4D8F3366A4D3F084A6E28B6565B1E0233CB391B0712234A286A2F,IMPHASH=00000000000000000000000000000000
Contents: -
User: WINDOWS-11-VULN\compromised-windows"","C:\\Users\\compromised-windows\\Downloads\\ransomware-simulator-1.0.3\\ransomware-simulator-1.0.3\\lib\\simulatemacro\\macro.go"
"Jul 16, 2024 @ 18:19:24.923","Windows-10-Home-Edition-Vulnerable-OS","Sysmon - Event 15: FileCreateStreamHash.",""File stream created:
RuleName: technique_id=T1189,technique_name=Drive-by Compromise
UtcTime: 2024-07-16 12:39:55.268
ProcessGuid: {e2220e9d-6760-6696-8000-000000002600}
ProcessId: 4424
Image: C:\Windows\Explorer.EXE
TargetFilename: C:\Users\compromised-windows\Downloads\ransomware-simulator-1.0.3\ransomware-simulator-1.0.3\lib\simulatemacro\macro.go:Zone.Identifier
CreationUtcTime: 2022-05-15 21:35:36.000
Hash: SHA1=D59FC84CDD5217C6CF74785703655F78DA6B582B,MD5=FBCCF14D504B7B2DBCB5A5BDA75BD93B,SHA256=EACD09517CE90D34BA562171D15AC40D302F0E691B439F91BE1B6406E25F5913,IMPHASH=00000000000000000000000000000000
Contents: [ZoneTransfer]  ZoneId=3  
User: WINDOWS-11-VULN\compromised-windows"","C:\\Users\\compromised-windows\\Downloads\\ransomware-simulator-1.0.3\\ransomware-simulator-1.0.3\\lib\\simulatemacro\\macro.go:Zone.Identifier"
"Jul 16, 2024 @ 18:19:24.891","Windows-10-Home-Edition-Vulnerable-OS","Sysmon - Event 11: FileCreate.",""File created:
RuleName: -
UtcTime: 2024-07-16 12:39:55.268
ProcessGuid: {e2220e9d-6760-6696-8000-000000002600}
ProcessId: 4424
Image: C:\Windows\Explorer.EXE
TargetFilename: C:\Users\compromised-windows\Downloads\ransomware-simulator-1.0.3\ransomware-simulator-1.0.3\lib\simulatemacro\macro.go:Zone.Identifier
CreationUtcTime: 2022-05-15 21:35:36.000
User: WINDOWS-11-VULN\compromised-windows"","C:\\Users\\compromised-windows\\Downloads\\ransomware-simulator-1.0.3\\ransomware-simulator-1.0.3\\lib\\simulatemacro\\macro.go:Zone.Identifier"
"Jul 16, 2024 @ 18:19:24.864","Windows-10-Home-Edition-Vulnerable-OS","Sysmon - Event 15: FileCreateStreamHash.",""File stream created:
RuleName: -
UtcTime: 2024-07-16 12:39:55.268
ProcessGuid: {e2220e9d-6760-6696-8000-000000002600}
ProcessId: 4424
Image: C:\Windows\Explorer.EXE
TargetFilename: C:\Users\compromised-windows\Downloads\ransomware-simulator-1.0.3\ransomware-simulator-1.0.3\lib\simulatemacro\macro.go
CreationUtcTime: 2022-05-15 21:35:36.000
Hash: SHA1=4437B8922BBF5397DD2E6BDBB6306A3089221FC7,MD5=C4629185EEE21B8132764C98622E3FEE,SHA256=193CE235F8A4D8F3366A4D3F084A6E28B6565B1E0233CB391B0712234A286A2F,IMPHASH=00000000000000000000000000000000
Contents: -
User: WINDOWS-11-VULN\compromised-windows"","C:\\Users\\compromised-windows\\Downloads\\ransomware-simulator-1.0.3\\ransomware-simulator-1.0.3\\lib\\simulatemacro\\macro.go"
"Jul 16, 2024 @ 18:19:24.803","Windows-10-Home-Edition-Vulnerable-OS","Sysmon - Event 11: FileCreate.",""File created:
RuleName: -
UtcTime: 2024-07-16 12:39:55.244
ProcessGuid: {e2220e9d-6760-6696-8000-000000002600}
ProcessId: 4424
Image: C:\Windows\Explorer.EXE
TargetFilename: C:\Users\compromised-windows\Downloads\ransomware-simulator-1.0.3\ransomware-simulator-1.0.3\lib\simulatemacro\macro.go
CreationUtcTime: 2024-07-16 12:39:55.244
User: WINDOWS-11-VULN\compromised-windows"","C:\\Users\\compromised-windows\\Downloads\\ransomware-simulator-1.0.3\\ransomware-simulator-1.0.3\\lib\\simulatemacro\\macro.go"
"Jul 16, 2024 @ 18:19:24.776","Windows-10-Home-Edition-Vulnerable-OS","Sysmon - Event 11: FileCreate.",""File created:
RuleName: -
UtcTime: 2024-07-16 12:39:55.244
ProcessGuid: {e2220e9d-6760-6696-8000-000000002600}
ProcessId: 4424
Image: C:\Windows\Explorer.EXE
TargetFilename: C:\Users\compromised-windows\Downloads\ransomware-simulator-1.0.3\ransomware-simulator-1.0.3\lib\simulatemacro
CreationUtcTime: 2024-07-16 12:39:55.244
User: WINDOWS-11-VULN\compromised-windows"","C:\\Users\\compromised-windows\\Downloads\\ransomware-simulator-1.0.3\\ransomware-simulator-1.0.3\\lib\\simulatemacro"
"Jul 16, 2024 @ 18:19:24.776","Windows-10-Home-Edition-Vulnerable-OS","Sysmon - Event 15: FileCreateStreamHash.",""File stream created:
RuleName: technique_id=T1189,technique_name=Drive-by Compromise
UtcTime: 2024-07-16 12:39:55.244
ProcessGuid: {e2220e9d-6760-6696-8000-000000002600}
ProcessId: 4424
Image: C:\Windows\Explorer.EXE
TargetFilename: C:\Users\compromised-windows\Downloads\ransomware-simulator-1.0.3\ransomware-simulator-1.0.3\lib\shadowcopy\shadowcopy.go:Zone.Identifier
CreationUtcTime: 2022-05-15 21:35:36.000
Hash: SHA1=E93D1A434B59A42820732197B71B86D06DFCC038,MD5=945082ECF1E638025DA201AD4A68A73A,SHA256=BDD25DDAD86AE69B59E5B113DCAAE19D4FEFE3C65E9F56276F869E0A05D0D349,IMPHASH=00000000000000000000000000000000
Contents: [ZoneTransfer]  ZoneId=3  ReferrerUrl=C:\Users\compromised-windows\Downloads\ransomware-simulator-1.0.3.zip  
User: WINDOWS-11-VULN\compromised-windows"","C:\\Users\\compromised-windows\\Downloads\\ransomware-simulator-1.0.3\\ransomware-simulator-1.0.3\\lib\\shadowcopy\\shadowcopy.go:Zone.Identifier"
"Jul 16, 2024 @ 18:19:24.740","Windows-10-Home-Edition-Vulnerable-OS","Sysmon - Event 15: FileCreateStreamHash.",""File stream created:
RuleName: -
UtcTime: 2024-07-16 12:39:55.244
ProcessGuid: {e2220e9d-6760-6696-8000-000000002600}
ProcessId: 4424
Image: C:\Windows\Explorer.EXE
TargetFilename: C:\Users\compromised-windows\Downloads\ransomware-simulator-1.0.3\ransomware-simulator-1.0.3\lib\shadowcopy\shadowcopy.go
CreationUtcTime: 2022-05-15 21:35:36.000
Hash: SHA1=4F48A8DDC15A24FDDAE2A99365AB661F31270D60,MD5=1ACFCC4F39472B175CDE151D8EE1FDDA,SHA256=9F761B4872318DA743A8E1B35A3462C7F1F3BCC8C448B3D39CB6D3B1D19EF739,IMPHASH=00000000000000000000000000000000
Contents: package shadowcopy  import ( 	"errors" 	"fmt" 	"log" 	"os/exec" 	"time" )  func Delete() error { 	log.Println("Executing command 'vssadmin delete shadows /for=norealvolume /all /quiet'") 	err := exec.Command("vssadmin", "delete", "shadows", "/for=norealvolume", "/all", "/quiet").Run() 	// it takes some time to delete the shadowcopies 	time.Sleep(5 * time.Second) 	var exitErr *exec.ExitError 	if errors.As(err, &exitErr) { 		if exitErr.ExitCode() != 2 { 			return fmt.Errorf("command returned unusual status code %d - might have been blocked", exitErr.ExitCode()) 		} 	} else { 		return fmt.Errorf("could not run command: %w", err) 	} 	return nil } 
User: WINDOWS-11-VULN\compromised-windows"","C:\\Users\\compromised-windows\\Downloads\\ransomware-simulator-1.0.3\\ransomware-simulator-1.0.3\\lib\\shadowcopy\\shadowcopy.go"
"Jul 16, 2024 @ 18:19:24.708","Windows-10-Home-Edition-Vulnerable-OS","Sysmon - Event 15: FileCreateStreamHash.",""File stream created:
RuleName: technique_id=T1189,technique_name=Drive-by Compromise
UtcTime: 2024-07-16 12:39:55.244
ProcessGuid: {e2220e9d-6760-6696-8000-000000002600}
ProcessId: 4424
Image: C:\Windows\Explorer.EXE
TargetFilename: C:\Users\compromised-windows\Downloads\ransomware-simulator-1.0.3\ransomware-simulator-1.0.3\lib\shadowcopy\shadowcopy.go:Zone.Identifier
CreationUtcTime: 2022-05-15 21:35:36.000
Hash: SHA1=D59FC84CDD5217C6CF74785703655F78DA6B582B,MD5=FBCCF14D504B7B2DBCB5A5BDA75BD93B,SHA256=EACD09517CE90D34BA562171D15AC40D302F0E691B439F91BE1B6406E25F5913,IMPHASH=00000000000000000000000000000000
Contents: [ZoneTransfer]  ZoneId=3  
User: WINDOWS-11-VULN\compromised-windows"","C:\\Users\\compromised-windows\\Downloads\\ransomware-simulator-1.0.3\\ransomware-simulator-1.0.3\\lib\\shadowcopy\\shadowcopy.go:Zone.Identifier"
"Jul 16, 2024 @ 18:19:24.678","Windows-10-Home-Edition-Vulnerable-OS","Sysmon - Event 11: FileCreate.",""File created:
RuleName: -
UtcTime: 2024-07-16 12:39:55.244
ProcessGuid: {e2220e9d-6760-6696-8000-000000002600}
ProcessId: 4424
Image: C:\Windows\Explorer.EXE
TargetFilename: C:\Users\compromised-windows\Downloads\ransomware-simulator-1.0.3\ransomware-simulator-1.0.3\lib\shadowcopy\shadowcopy.go:Zone.Identifier
CreationUtcTime: 2022-05-15 21:35:36.000
User: WINDOWS-11-VULN\compromised-windows"","C:\\Users\\compromised-windows\\Downloads\\ransomware-simulator-1.0.3\\ransomware-simulator-1.0.3\\lib\\shadowcopy\\shadowcopy.go:Zone.Identifier"
"Jul 16, 2024 @ 18:19:24.645","Windows-10-Home-Edition-Vulnerable-OS","Sysmon - Event 15: FileCreateStreamHash.",""File stream created:
RuleName: -
UtcTime: 2024-07-16 12:39:55.244
ProcessGuid: {e2220e9d-6760-6696-8000-000000002600}
ProcessId: 4424
Image: C:\Windows\Explorer.EXE
TargetFilename: C:\Users\compromised-windows\Downloads\ransomware-simulator-1.0.3\ransomware-simulator-1.0.3\lib\shadowcopy\shadowcopy.go
CreationUtcTime: 2022-05-15 21:35:36.000
Hash: SHA1=4F48A8DDC15A24FDDAE2A99365AB661F31270D60,MD5=1ACFCC4F39472B175CDE151D8EE1FDDA,SHA256=9F761B4872318DA743A8E1B35A3462C7F1F3BCC8C448B3D39CB6D3B1D19EF739,IMPHASH=00000000000000000000000000000000
Contents: package shadowcopy  import ( 	"errors" 	"fmt" 	"log" 	"os/exec" 	"time" )  func Delete() error { 	log.Println("Executing command 'vssadmin delete shadows /for=norealvolume /all /quiet'") 	err := exec.Command("vssadmin", "delete", "shadows", "/for=norealvolume", "/all", "/quiet").Run() 	// it takes some time to delete the shadowcopies 	time.Sleep(5 * time.Second) 	var exitErr *exec.ExitError 	if errors.As(err, &exitErr) { 		if exitErr.ExitCode() != 2 { 			return fmt.Errorf("command returned unusual status code %d - might have been blocked", exitErr.ExitCode()) 		} 	} else { 		return fmt.Errorf("could not run command: %w", err) 	} 	return nil } 
User: WINDOWS-11-VULN\compromised-windows"","C:\\Users\\compromised-windows\\Downloads\\ransomware-simulator-1.0.3\\ransomware-simulator-1.0.3\\lib\\shadowcopy\\shadowcopy.go"
"Jul 16, 2024 @ 18:19:24.582","Windows-10-Home-Edition-Vulnerable-OS","Sysmon - Event 11: FileCreate.",""File created:
RuleName: -
UtcTime: 2024-07-16 12:39:55.221
ProcessGuid: {e2220e9d-6760-6696-8000-000000002600}
ProcessId: 4424
Image: C:\Windows\Explorer.EXE
TargetFilename: C:\Users\compromised-windows\Downloads\ransomware-simulator-1.0.3\ransomware-simulator-1.0.3\lib\shadowcopy\shadowcopy.go
CreationUtcTime: 2024-07-16 12:39:55.221
User: WINDOWS-11-VULN\compromised-windows"","C:\\Users\\compromised-windows\\Downloads\\ransomware-simulator-1.0.3\\ransomware-simulator-1.0.3\\lib\\shadowcopy\\shadowcopy.go"
"Jul 16, 2024 @ 18:19:24.572","Windows-10-Home-Edition-Vulnerable-OS","Sysmon - Event 11: FileCreate.",""File created:
RuleName: -
UtcTime: 2024-07-16 12:39:55.221
ProcessGuid: {e2220e9d-6760-6696-8000-000000002600}
ProcessId: 4424
Image: C:\Windows\Explorer.EXE
TargetFilename: C:\Users\compromised-windows\Downloads\ransomware-simulator-1.0.3\ransomware-simulator-1.0.3\lib\shadowcopy
CreationUtcTime: 2024-07-16 12:39:55.221
User: WINDOWS-11-VULN\compromised-windows"","C:\\Users\\compromised-windows\\Downloads\\ransomware-simulator-1.0.3\\ransomware-simulator-1.0.3\\lib\\shadowcopy"
"Jul 16, 2024 @ 18:19:24.529","Windows-10-Home-Edition-Vulnerable-OS","Sysmon - Event 15: FileCreateStreamHash.",""File stream created:
RuleName: technique_id=T1189,technique_name=Drive-by Compromise
UtcTime: 2024-07-16 12:39:55.221
ProcessGuid: {e2220e9d-6760-6696-8000-000000002600}
ProcessId: 4424
Image: C:\Windows\Explorer.EXE
TargetFilename: C:\Users\compromised-windows\Downloads\ransomware-simulator-1.0.3\ransomware-simulator-1.0.3\lib\note\note.txt:Zone.Identifier
CreationUtcTime: 2022-05-15 21:35:36.000
Hash: SHA1=E93D1A434B59A42820732197B71B86D06DFCC038,MD5=945082ECF1E638025DA201AD4A68A73A,SHA256=BDD25DDAD86AE69B59E5B113DCAAE19D4FEFE3C65E9F56276F869E0A05D0D349,IMPHASH=00000000000000000000000000000000
Contents: [ZoneTransfer]  ZoneId=3  ReferrerUrl=C:\Users\compromised-windows\Downloads\ransomware-simulator-1.0.3.zip  
User: WINDOWS-11-VULN\compromised-windows"","C:\\Users\\compromised-windows\\Downloads\\ransomware-simulator-1.0.3\\ransomware-simulator-1.0.3\\lib\\note\\note.txt:Zone.Identifier"
"Jul 16, 2024 @ 18:19:24.514","Windows-10-Home-Edition-Vulnerable-OS","Sysmon - Event 15: FileCreateStreamHash.",""File stream created:
RuleName: technique_id=T1189,technique_name=Drive-by Compromise
UtcTime: 2024-07-16 12:39:55.198
ProcessGuid: {e2220e9d-6760-6696-8000-000000002600}
ProcessId: 4424
Image: C:\Windows\Explorer.EXE
TargetFilename: C:\Users\compromised-windows\Downloads\ransomware-simulator-1.0.3\ransomware-simulator-1.0.3\lib\note\note.txt:Zone.Identifier
CreationUtcTime: 2022-05-15 21:35:36.000
Hash: SHA1=D59FC84CDD5217C6CF74785703655F78DA6B582B,MD5=FBCCF14D504B7B2DBCB5A5BDA75BD93B,SHA256=EACD09517CE90D34BA562171D15AC40D302F0E691B439F91BE1B6406E25F5913,IMPHASH=00000000000000000000000000000000
Contents: [ZoneTransfer]  ZoneId=3  
User: WINDOWS-11-VULN\compromised-windows"","C:\\Users\\compromised-windows\\Downloads\\ransomware-simulator-1.0.3\\ransomware-simulator-1.0.3\\lib\\note\\note.txt:Zone.Identifier"
"Jul 16, 2024 @ 18:19:24.514","Windows-10-Home-Edition-Vulnerable-OS","Sysmon - Event 15: FileCreateStreamHash.",""File stream created:
RuleName: -
UtcTime: 2024-07-16 12:39:55.198
ProcessGuid: {e2220e9d-6760-6696-8000-000000002600}
ProcessId: 4424
Image: C:\Windows\Explorer.EXE
TargetFilename: C:\Users\compromised-windows\Downloads\ransomware-simulator-1.0.3\ransomware-simulator-1.0.3\lib\note\note.txt
CreationUtcTime: 2022-05-15 21:35:36.000
Hash: SHA1=6B3F5B9902856F7A72EFAD1A781ECC4DEBCAEC95,MD5=79CC7032C1E40B959F09BDAB991DADDE,SHA256=F292053578C0C2E0FEEFAE5E6D64091C74D3E6DE693801FEED19FA2F8614321D,IMPHASH=00000000000000000000000000000000
Contents: -
User: WINDOWS-11-VULN\compromised-windows"","C:\\Users\\compromised-windows\\Downloads\\ransomware-simulator-1.0.3\\ransomware-simulator-1.0.3\\lib\\note\\note.txt"
"Jul 16, 2024 @ 18:19:24.481","Windows-10-Home-Edition-Vulnerable-OS","Sysmon - Event 11: FileCreate.",""File created:
RuleName: -
UtcTime: 2024-07-16 12:39:55.198
ProcessGuid: {e2220e9d-6760-6696-8000-000000002600}
ProcessId: 4424
Image: C:\Windows\Explorer.EXE
TargetFilename: C:\Users\compromised-windows\Downloads\ransomware-simulator-1.0.3\ransomware-simulator-1.0.3\lib\note\note.txt:Zone.Identifier
CreationUtcTime: 2022-05-15 21:35:36.000
User: WINDOWS-11-VULN\compromised-windows"","C:\\Users\\compromised-windows\\Downloads\\ransomware-simulator-1.0.3\\ransomware-simulator-1.0.3\\lib\\note\\note.txt:Zone.Identifier"
"Jul 16, 2024 @ 18:19:24.462","Windows-10-Home-Edition-Vulnerable-OS","Sysmon - Event 15: FileCreateStreamHash.",""File stream created:
RuleName: -
UtcTime: 2024-07-16 12:39:55.198
ProcessGuid: {e2220e9d-6760-6696-8000-000000002600}
ProcessId: 4424
Image: C:\Windows\Explorer.EXE
TargetFilename: C:\Users\compromised-windows\Downloads\ransomware-simulator-1.0.3\ransomware-simulator-1.0.3\lib\note\note.txt
CreationUtcTime: 2022-05-15 21:35:36.000
Hash: SHA1=6B3F5B9902856F7A72EFAD1A781ECC4DEBCAEC95,MD5=79CC7032C1E40B959F09BDAB991DADDE,SHA256=F292053578C0C2E0FEEFAE5E6D64091C74D3E6DE693801FEED19FA2F8614321D,IMPHASH=00000000000000000000000000000000
Contents: -
User: WINDOWS-11-VULN\compromised-windows"","C:\\Users\\compromised-windows\\Downloads\\ransomware-simulator-1.0.3\\ransomware-simulator-1.0.3\\lib\\note\\note.txt"
"Jul 16, 2024 @ 18:19:23.769","Windows-10-Home-Edition-Vulnerable-OS","Sysmon - Event 11: FileCreate.",""File created:
RuleName: -
UtcTime: 2024-07-16 12:39:55.198
ProcessGuid: {e2220e9d-6760-6696-8000-000000002600}
ProcessId: 4424
Image: C:\Windows\Explorer.EXE
TargetFilename: C:\Users\compromised-windows\Downloads\ransomware-simulator-1.0.3\ransomware-simulator-1.0.3\lib\note\note.txt
CreationUtcTime: 2024-07-16 12:39:55.198
User: WINDOWS-11-VULN\compromised-windows"","C:\\Users\\compromised-windows\\Downloads\\ransomware-simulator-1.0.3\\ransomware-simulator-1.0.3\\lib\\note\\note.txt"
"Jul 16, 2024 @ 18:19:23.737","Windows-10-Home-Edition-Vulnerable-OS","Sysmon - Event 15: FileCreateStreamHash.",""File stream created:
RuleName: technique_id=T1189,technique_name=Drive-by Compromise
UtcTime: 2024-07-16 12:39:55.174
ProcessGuid: {e2220e9d-6760-6696-8000-000000002600}
ProcessId: 4424
Image: C:\Windows\Explorer.EXE
TargetFilename: C:\Users\compromised-windows\Downloads\ransomware-simulator-1.0.3\ransomware-simulator-1.0.3\lib\note\dropnote.go:Zone.Identifier
CreationUtcTime: 2022-05-15 21:35:36.000
Hash: SHA1=E93D1A434B59A42820732197B71B86D06DFCC038,MD5=945082ECF1E638025DA201AD4A68A73A,SHA256=BDD25DDAD86AE69B59E5B113DCAAE19D4FEFE3C65E9F56276F869E0A05D0D349,IMPHASH=00000000000000000000000000000000
Contents: [ZoneTransfer]  ZoneId=3  ReferrerUrl=C:\Users\compromised-windows\Downloads\ransomware-simulator-1.0.3.zip  
User: WINDOWS-11-VULN\compromised-windows"","C:\\Users\\compromised-windows\\Downloads\\ransomware-simulator-1.0.3\\ransomware-simulator-1.0.3\\lib\\note\\dropnote.go:Zone.Identifier"
"Jul 16, 2024 @ 18:19:23.703","Windows-10-Home-Edition-Vulnerable-OS","Sysmon - Event 15: FileCreateStreamHash.",""File stream created:
RuleName: -
UtcTime: 2024-07-16 12:39:55.174
ProcessGuid: {e2220e9d-6760-6696-8000-000000002600}
ProcessId: 4424
Image: C:\Windows\Explorer.EXE
TargetFilename: C:\Users\compromised-windows\Downloads\ransomware-simulator-1.0.3\ransomware-simulator-1.0.3\lib\note\dropnote.go
CreationUtcTime: 2022-05-15 21:35:36.000
Hash: SHA1=E2484EA34E6DE745823883309D86659D6B154945,MD5=AEA543425406FC365EAEAFF9AF637824,SHA256=35D865211DD6A27B42D0E7056429FA22DF5AF561C6123776119029993D163C86,IMPHASH=00000000000000000000000000000000
Contents: package note  import ( 	_ "embed" 	"log" 	"os" )  //go:embed note.txt var note string  func Write(location string) error { 	log.Printf("Dropping ransomware note to %s...", location) 	file, err := os.Create(location) 	if err != nil { 		return err 	} 	defer file.Close() 	file.WriteString(note) 	return nil }
User: WINDOWS-11-VULN\compromised-windows"","C:\\Users\\compromised-windows\\Downloads\\ransomware-simulator-1.0.3\\ransomware-simulator-1.0.3\\lib\\note\\dropnote.go"
"Jul 16, 2024 @ 18:19:23.677","Windows-10-Home-Edition-Vulnerable-OS","Sysmon - Event 15: FileCreateStreamHash.",""File stream created:
RuleName: technique_id=T1189,technique_name=Drive-by Compromise
UtcTime: 2024-07-16 12:39:55.174
ProcessGuid: {e2220e9d-6760-6696-8000-000000002600}
ProcessId: 4424
Image: C:\Windows\Explorer.EXE
TargetFilename: C:\Users\compromised-windows\Downloads\ransomware-simulator-1.0.3\ransomware-simulator-1.0.3\lib\note\dropnote.go:Zone.Identifier
CreationUtcTime: 2022-05-15 21:35:36.000
Hash: SHA1=D59FC84CDD5217C6CF74785703655F78DA6B582B,MD5=FBCCF14D504B7B2DBCB5A5BDA75BD93B,SHA256=EACD09517CE90D34BA562171D15AC40D302F0E691B439F91BE1B6406E25F5913,IMPHASH=00000000000000000000000000000000
Contents: [ZoneTransfer]  ZoneId=3  
User: WINDOWS-11-VULN\compromised-windows"","C:\\Users\\compromised-windows\\Downloads\\ransomware-simulator-1.0.3\\ransomware-simulator-1.0.3\\lib\\note\\dropnote.go:Zone.Identifier"
"Jul 16, 2024 @ 18:19:23.643","Windows-10-Home-Edition-Vulnerable-OS","Sysmon - Event 11: FileCreate.",""File created:
RuleName: -
UtcTime: 2024-07-16 12:39:55.174
ProcessGuid: {e2220e9d-6760-6696-8000-000000002600}
ProcessId: 4424
Image: C:\Windows\Explorer.EXE
TargetFilename: C:\Users\compromised-windows\Downloads\ransomware-simulator-1.0.3\ransomware-simulator-1.0.3\lib\note\dropnote.go:Zone.Identifier
CreationUtcTime: 2022-05-15 21:35:36.000
User: WINDOWS-11-VULN\compromised-windows"","C:\\Users\\compromised-windows\\Downloads\\ransomware-simulator-1.0.3\\ransomware-simulator-1.0.3\\lib\\note\\dropnote.go:Zone.Identifier"
"Jul 16, 2024 @ 18:19:23.613","Windows-10-Home-Edition-Vulnerable-OS","Sysmon - Event 15: FileCreateStreamHash.",""File stream created:
RuleName: -
UtcTime: 2024-07-16 12:39:55.174
ProcessGuid: {e2220e9d-6760-6696-8000-000000002600}
ProcessId: 4424
Image: C:\Windows\Explorer.EXE
TargetFilename: C:\Users\compromised-windows\Downloads\ransomware-simulator-1.0.3\ransomware-simulator-1.0.3\lib\note\dropnote.go
CreationUtcTime: 2022-05-15 21:35:36.000
Hash: SHA1=E2484EA34E6DE745823883309D86659D6B154945,MD5=AEA543425406FC365EAEAFF9AF637824,SHA256=35D865211DD6A27B42D0E7056429FA22DF5AF561C6123776119029993D163C86,IMPHASH=00000000000000000000000000000000
Contents: package note  import ( 	_ "embed" 	"log" 	"os" )  //go:embed note.txt var note string  func Write(location string) error { 	log.Printf("Dropping ransomware note to %s...", location) 	file, err := os.Create(location) 	if err != nil { 		return err 	} 	defer file.Close() 	file.WriteString(note) 	return nil }
User: WINDOWS-11-VULN\compromised-windows"","C:\\Users\\compromised-windows\\Downloads\\ransomware-simulator-1.0.3\\ransomware-simulator-1.0.3\\lib\\note\\dropnote.go"
"Jul 16, 2024 @ 18:19:23.580","Windows-10-Home-Edition-Vulnerable-OS","Sysmon - Event 11: FileCreate.",""File created:
RuleName: -
UtcTime: 2024-07-16 12:39:55.174
ProcessGuid: {e2220e9d-6760-6696-8000-000000002600}
ProcessId: 4424
Image: C:\Windows\Explorer.EXE
TargetFilename: C:\Users\compromised-windows\Downloads\ransomware-simulator-1.0.3\ransomware-simulator-1.0.3\lib\note\dropnote.go
CreationUtcTime: 2024-07-16 12:39:55.174
User: WINDOWS-11-VULN\compromised-windows"","C:\\Users\\compromised-windows\\Downloads\\ransomware-simulator-1.0.3\\ransomware-simulator-1.0.3\\lib\\note\\dropnote.go"
"Jul 16, 2024 @ 18:19:23.552","Windows-10-Home-Edition-Vulnerable-OS","Sysmon - Event 11: FileCreate.",""File created:
RuleName: -
UtcTime: 2024-07-16 12:39:55.151
ProcessGuid: {e2220e9d-6760-6696-8000-000000002600}
ProcessId: 4424
Image: C:\Windows\Explorer.EXE
TargetFilename: C:\Users\compromised-windows\Downloads\ransomware-simulator-1.0.3\ransomware-simulator-1.0.3\lib\note
CreationUtcTime: 2024-07-16 12:39:55.151
User: WINDOWS-11-VULN\compromised-windows"","C:\\Users\\compromised-windows\\Downloads\\ransomware-simulator-1.0.3\\ransomware-simulator-1.0.3\\lib\\note"
"Jul 16, 2024 @ 18:19:23.519","Windows-10-Home-Edition-Vulnerable-OS","Sysmon - Event 15: FileCreateStreamHash.",""File stream created:
RuleName: technique_id=T1189,technique_name=Drive-by Compromise
UtcTime: 2024-07-16 12:39:55.151
ProcessGuid: {e2220e9d-6760-6696-8000-000000002600}
ProcessId: 4424
Image: C:\Windows\Explorer.EXE
TargetFilename: C:\Users\compromised-windows\Downloads\ransomware-simulator-1.0.3\ransomware-simulator-1.0.3\lib\encrypt\stagefiles.go:Zone.Identifier
CreationUtcTime: 2022-05-15 21:35:36.000
Hash: SHA1=E93D1A434B59A42820732197B71B86D06DFCC038,MD5=945082ECF1E638025DA201AD4A68A73A,SHA256=BDD25DDAD86AE69B59E5B113DCAAE19D4FEFE3C65E9F56276F869E0A05D0D349,IMPHASH=00000000000000000000000000000000
Contents: [ZoneTransfer]  ZoneId=3  ReferrerUrl=C:\Users\compromised-windows\Downloads\ransomware-simulator-1.0.3.zip  
User: WINDOWS-11-VULN\compromised-windows"","C:\\Users\\compromised-windows\\Downloads\\ransomware-simulator-1.0.3\\ransomware-simulator-1.0.3\\lib\\encrypt\\stagefiles.go:Zone.Identifier"
"Jul 16, 2024 @ 18:19:23.492","Windows-10-Home-Edition-Vulnerable-OS","Sysmon - Event 15: FileCreateStreamHash.",""File stream created:
RuleName: -
UtcTime: 2024-07-16 12:39:55.151
ProcessGuid: {e2220e9d-6760-6696-8000-000000002600}
ProcessId: 4424
Image: C:\Windows\Explorer.EXE
TargetFilename: C:\Users\compromised-windows\Downloads\ransomware-simulator-1.0.3\ransomware-simulator-1.0.3\lib\encrypt\stagefiles.go
CreationUtcTime: 2022-05-15 21:35:36.000
Hash: SHA1=30F03CBE6C7E0C8EECADD684CCB21186769918A1,MD5=36D8831C88D2735CF8161D2B8F69DF2E,SHA256=72E9AFEA188F793E82863713902B84E9B04AD8683A29ED8428749A27A3981A44,IMPHASH=00000000000000000000000000000000
Contents: package encrypt  import ( 	_ "embed" 	"fmt" 	"log" 	"os" 	"path/filepath" )  //go:embed TestDocument.docx var document []byte  const documentCount = 10000  func StageFiles(directory string) error { 	log.Printf("Clearing target folder %s...", directory) 	if err := os.RemoveAll(directory); err != nil { 		return fmt.Errorf("could not delete folder: %w", err) 	} 	if err := os.MkdirAll(directory, 0755); err != nil { 		return fmt.Errorf("could not create folder: %w", err) 	} 	log.Printf("Writing %d documents to target folder %s...", documentCount, directory) 	for i := 0; i <= documentCount; i++ { 		if err := os.WriteFile(filepath.Join(directory, fmt.Sprintf("document%d.docx", i)), document, 0644); err != nil { 			return fmt.Errorf("could not write file: %w", err) 		} 	} 	return nil } 
User: WINDOWS-11-VULN\compromised-windows"","C:\\Users\\compromised-windows\\Downloads\\ransomware-simulator-1.0.3\\ransomware-simulator-1.0.3\\lib\\encrypt\\stagefiles.go"
"Jul 16, 2024 @ 18:19:23.453","Windows-10-Home-Edition-Vulnerable-OS","Sysmon - Event 15: FileCreateStreamHash.",""File stream created:
RuleName: technique_id=T1189,technique_name=Drive-by Compromise
UtcTime: 2024-07-16 12:39:55.151
ProcessGuid: {e2220e9d-6760-6696-8000-000000002600}
ProcessId: 4424
Image: C:\Windows\Explorer.EXE
TargetFilename: C:\Users\compromised-windows\Downloads\ransomware-simulator-1.0.3\ransomware-simulator-1.0.3\lib\encrypt\stagefiles.go:Zone.Identifier
CreationUtcTime: 2022-05-15 21:35:36.000
Hash: SHA1=D59FC84CDD5217C6CF74785703655F78DA6B582B,MD5=FBCCF14D504B7B2DBCB5A5BDA75BD93B,SHA256=EACD09517CE90D34BA562171D15AC40D302F0E691B439F91BE1B6406E25F5913,IMPHASH=00000000000000000000000000000000
Contents: [ZoneTransfer]  ZoneId=3  
User: WINDOWS-11-VULN\compromised-windows"","C:\\Users\\compromised-windows\\Downloads\\ransomware-simulator-1.0.3\\ransomware-simulator-1.0.3\\lib\\encrypt\\stagefiles.go:Zone.Identifier"
"Jul 16, 2024 @ 18:19:23.426","Windows-10-Home-Edition-Vulnerable-OS","Sysmon - Event 11: FileCreate.",""File created:
RuleName: -
UtcTime: 2024-07-16 12:39:55.151
ProcessGuid: {e2220e9d-6760-6696-8000-000000002600}
ProcessId: 4424
Image: C:\Windows\Explorer.EXE
TargetFilename: C:\Users\compromised-windows\Downloads\ransomware-simulator-1.0.3\ransomware-simulator-1.0.3\lib\encrypt\stagefiles.go:Zone.Identifier
CreationUtcTime: 2022-05-15 21:35:36.000
User: WINDOWS-11-VULN\compromised-windows"","C:\\Users\\compromised-windows\\Downloads\\ransomware-simulator-1.0.3\\ransomware-simulator-1.0.3\\lib\\encrypt\\stagefiles.go:Zone.Identifier"
"Jul 16, 2024 @ 18:19:23.412","Windows-10-Home-Edition-Vulnerable-OS","Sysmon - Event 15: FileCreateStreamHash.",""File stream created:
RuleName: -
UtcTime: 2024-07-16 12:39:55.151
ProcessGuid: {e2220e9d-6760-6696-8000-000000002600}
ProcessId: 4424
Image: C:\Windows\Explorer.EXE
TargetFilename: C:\Users\compromised-windows\Downloads\ransomware-simulator-1.0.3\ransomware-simulator-1.0.3\lib\encrypt\stagefiles.go
CreationUtcTime: 2022-05-15 21:35:36.000
Hash: SHA1=30F03CBE6C7E0C8EECADD684CCB21186769918A1,MD5=36D8831C88D2735CF8161D2B8F69DF2E,SHA256=72E9AFEA188F793E82863713902B84E9B04AD8683A29ED8428749A27A3981A44,IMPHASH=00000000000000000000000000000000
Contents: package encrypt  import ( 	_ "embed" 	"fmt" 	"log" 	"os" 	"path/filepath" )  //go:embed TestDocument.docx var document []byte  const documentCount = 10000  func StageFiles(directory string) error { 	log.Printf("Clearing target folder %s...", directory) 	if err := os.RemoveAll(directory); err != nil { 		return fmt.Errorf("could not delete folder: %w", err) 	} 	if err := os.MkdirAll(directory, 0755); err != nil { 		return fmt.Errorf("could not create folder: %w", err) 	} 	log.Printf("Writing %d documents to target folder %s...", documentCount, directory) 	for i := 0; i <= documentCount; i++ { 		if err := os.WriteFile(filepath.Join(directory, fmt.Sprintf("document%d.docx", i)), document, 0644); err != nil { 			return fmt.Errorf("could not write file: %w", err) 		} 	} 	return nil } 
User: WINDOWS-11-VULN\compromised-windows"","C:\\Users\\compromised-windows\\Downloads\\ransomware-simulator-1.0.3\\ransomware-simulator-1.0.3\\lib\\encrypt\\stagefiles.go"
"Jul 16, 2024 @ 18:19:23.347","Windows-10-Home-Edition-Vulnerable-OS","Sysmon - Event 11: FileCreate.",""File created:
RuleName: -
UtcTime: 2024-07-16 12:39:55.127
ProcessGuid: {e2220e9d-6760-6696-8000-000000002600}
ProcessId: 4424
Image: C:\Windows\Explorer.EXE
TargetFilename: C:\Users\compromised-windows\Downloads\ransomware-simulator-1.0.3\ransomware-simulator-1.0.3\lib\encrypt\stagefiles.go
CreationUtcTime: 2024-07-16 12:39:55.127
User: WINDOWS-11-VULN\compromised-windows"","C:\\Users\\compromised-windows\\Downloads\\ransomware-simulator-1.0.3\\ransomware-simulator-1.0.3\\lib\\encrypt\\stagefiles.go"
"Jul 16, 2024 @ 18:19:23.204","Windows-10-Home-Edition-Vulnerable-OS","Sysmon - Event 15: FileCreateStreamHash.",""File stream created:
RuleName: technique_id=T1189,technique_name=Drive-by Compromise
UtcTime: 2024-07-16 12:39:55.127
ProcessGuid: {e2220e9d-6760-6696-8000-000000002600}
ProcessId: 4424
Image: C:\Windows\Explorer.EXE
TargetFilename: C:\Users\compromised-windows\Downloads\ransomware-simulator-1.0.3\ransomware-simulator-1.0.3\lib\encrypt\encryptfiles.go:Zone.Identifier
CreationUtcTime: 2022-05-15 21:35:36.000
Hash: SHA1=E93D1A434B59A42820732197B71B86D06DFCC038,MD5=945082ECF1E638025DA201AD4A68A73A,SHA256=BDD25DDAD86AE69B59E5B113DCAAE19D4FEFE3C65E9F56276F869E0A05D0D349,IMPHASH=00000000000000000000000000000000
Contents: [ZoneTransfer]  ZoneId=3  ReferrerUrl=C:\Users\compromised-windows\Downloads\ransomware-simulator-1.0.3.zip  
User: WINDOWS-11-VULN\compromised-windows"","C:\\Users\\compromised-windows\\Downloads\\ransomware-simulator-1.0.3\\ransomware-simulator-1.0.3\\lib\\encrypt\\encryptfiles.go:Zone.Identifier"
"Jul 16, 2024 @ 18:19:23.151","Windows-10-Home-Edition-Vulnerable-OS","Sysmon - Event 15: FileCreateStreamHash.",""File stream created:
RuleName: -
UtcTime: 2024-07-16 12:39:55.127
ProcessGuid: {e2220e9d-6760-6696-8000-000000002600}
ProcessId: 4424
Image: C:\Windows\Explorer.EXE
TargetFilename: C:\Users\compromised-windows\Downloads\ransomware-simulator-1.0.3\ransomware-simulator-1.0.3\lib\encrypt\encryptfiles.go
CreationUtcTime: 2022-05-15 21:35:36.000
Hash: SHA1=C85158D2E7A1A0878B2CE9025535B6D8A7BD3F7C,MD5=AF0F87B540D677C75028F4CD86435E44,SHA256=69790B438ACDDD45339A634D4CD77023FEF0247C51194429249DF40C7CCE9FF2,IMPHASH=00000000000000000000000000000000
Contents: -
User: WINDOWS-11-VULN\compromised-windows"","C:\\Users\\compromised-windows\\Downloads\\ransomware-simulator-1.0.3\\ransomware-simulator-1.0.3\\lib\\encrypt\\encryptfiles.go"
"Jul 16, 2024 @ 18:19:23.151","Windows-10-Home-Edition-Vulnerable-OS","Sysmon - Event 15: FileCreateStreamHash.",""File stream created:
RuleName: technique_id=T1189,technique_name=Drive-by Compromise
UtcTime: 2024-07-16 12:39:55.127
ProcessGuid: {e2220e9d-6760-6696-8000-000000002600}
ProcessId: 4424
Image: C:\Windows\Explorer.EXE
TargetFilename: C:\Users\compromised-windows\Downloads\ransomware-simulator-1.0.3\ransomware-simulator-1.0.3\lib\encrypt\encryptfiles.go:Zone.Identifier
CreationUtcTime: 2022-05-15 21:35:36.000
Hash: SHA1=D59FC84CDD5217C6CF74785703655F78DA6B582B,MD5=FBCCF14D504B7B2DBCB5A5BDA75BD93B,SHA256=EACD09517CE90D34BA562171D15AC40D302F0E691B439F91BE1B6406E25F5913,IMPHASH=00000000000000000000000000000000
Contents: [ZoneTransfer]  ZoneId=3  
User: WINDOWS-11-VULN\compromised-windows"","C:\\Users\\compromised-windows\\Downloads\\ransomware-simulator-1.0.3\\ransomware-simulator-1.0.3\\lib\\encrypt\\encryptfiles.go:Zone.Identifier"
"Jul 16, 2024 @ 18:19:23.121","Windows-10-Home-Edition-Vulnerable-OS","Sysmon - Event 11: FileCreate.",""File created:
RuleName: -
UtcTime: 2024-07-16 12:39:55.127
ProcessGuid: {e2220e9d-6760-6696-8000-000000002600}
ProcessId: 4424
Image: C:\Windows\Explorer.EXE
TargetFilename: C:\Users\compromised-windows\Downloads\ransomware-simulator-1.0.3\ransomware-simulator-1.0.3\lib\encrypt\encryptfiles.go:Zone.Identifier
CreationUtcTime: 2022-05-15 21:35:36.000
User: WINDOWS-11-VULN\compromised-windows"","C:\\Users\\compromised-windows\\Downloads\\ransomware-simulator-1.0.3\\ransomware-simulator-1.0.3\\lib\\encrypt\\encryptfiles.go:Zone.Identifier"
"Jul 16, 2024 @ 18:19:23.120","Windows-10-Home-Edition-Vulnerable-OS","Sysmon - Event 15: FileCreateStreamHash.",""File stream created:
RuleName: -
UtcTime: 2024-07-16 12:39:55.127
ProcessGuid: {e2220e9d-6760-6696-8000-000000002600}
ProcessId: 4424
Image: C:\Windows\Explorer.EXE
TargetFilename: C:\Users\compromised-windows\Downloads\ransomware-simulator-1.0.3\ransomware-simulator-1.0.3\lib\encrypt\encryptfiles.go
CreationUtcTime: 2022-05-15 21:35:36.000
Hash: SHA1=C85158D2E7A1A0878B2CE9025535B6D8A7BD3F7C,MD5=AF0F87B540D677C75028F4CD86435E44,SHA256=69790B438ACDDD45339A634D4CD77023FEF0247C51194429249DF40C7CCE9FF2,IMPHASH=00000000000000000000000000000000
Contents: -
User: WINDOWS-11-VULN\compromised-windows"","C:\\Users\\compromised-windows\\Downloads\\ransomware-simulator-1.0.3\\ransomware-simulator-1.0.3\\lib\\encrypt\\encryptfiles.go"
"Jul 16, 2024 @ 18:19:23.048","Windows-10-Home-Edition-Vulnerable-OS","Sysmon - Event 11: FileCreate.",""File created:
RuleName: -
UtcTime: 2024-07-16 12:39:55.104
ProcessGuid: {e2220e9d-6760-6696-8000-000000002600}
ProcessId: 4424
Image: C:\Windows\Explorer.EXE
TargetFilename: C:\Users\compromised-windows\Downloads\ransomware-simulator-1.0.3\ransomware-simulator-1.0.3\lib\encrypt\encryptfiles.go
CreationUtcTime: 2024-07-16 12:39:55.104
User: WINDOWS-11-VULN\compromised-windows"","C:\\Users\\compromised-windows\\Downloads\\ransomware-simulator-1.0.3\\ransomware-simulator-1.0.3\\lib\\encrypt\\encryptfiles.go"
"Jul 16, 2024 @ 18:19:23.034","Windows-10-Home-Edition-Vulnerable-OS","Sysmon - Event 15: FileCreateStreamHash.",""File stream created:
RuleName: technique_id=T1189,technique_name=Drive-by Compromise
UtcTime: 2024-07-16 12:39:55.104
ProcessGuid: {e2220e9d-6760-6696-8000-000000002600}
ProcessId: 4424
Image: C:\Windows\Explorer.EXE
TargetFilename: C:\Users\compromised-windows\Downloads\ransomware-simulator-1.0.3\ransomware-simulator-1.0.3\lib\encrypt\TestDocument.docx:Zone.Identifier
CreationUtcTime: 2022-05-15 21:35:36.000
Hash: SHA1=E93D1A434B59A42820732197B71B86D06DFCC038,MD5=945082ECF1E638025DA201AD4A68A73A,SHA256=BDD25DDAD86AE69B59E5B113DCAAE19D4FEFE3C65E9F56276F869E0A05D0D349,IMPHASH=00000000000000000000000000000000
Contents: [ZoneTransfer]  ZoneId=3  ReferrerUrl=C:\Users\compromised-windows\Downloads\ransomware-simulator-1.0.3.zip  
User: WINDOWS-11-VULN\compromised-windows"","C:\\Users\\compromised-windows\\Downloads\\ransomware-simulator-1.0.3\\ransomware-simulator-1.0.3\\lib\\encrypt\\TestDocument.docx:Zone.Identifier"
"Jul 16, 2024 @ 18:19:23.004","Windows-10-Home-Edition-Vulnerable-OS","Sysmon - Event 15: FileCreateStreamHash.",""File stream created:
RuleName: -
UtcTime: 2024-07-16 12:39:55.104
ProcessGuid: {e2220e9d-6760-6696-8000-000000002600}
ProcessId: 4424
Image: C:\Windows\Explorer.EXE
TargetFilename: C:\Users\compromised-windows\Downloads\ransomware-simulator-1.0.3\ransomware-simulator-1.0.3\lib\encrypt\TestDocument.docx
CreationUtcTime: 2022-05-15 21:35:36.000
Hash: SHA1=70F6A64A82F3CFE82464B435A6E533AB515C3C3A,MD5=9A8416C7715C64836383BF0440E0F589,SHA256=F517F7F467ECEC9ED34B3D6460F9726A8C89F918EA9CFA7416CCC8A47E4C5689,IMPHASH=00000000000000000000000000000000
Contents: -
User: WINDOWS-11-VULN\compromised-windows"","C:\\Users\\compromised-windows\\Downloads\\ransomware-simulator-1.0.3\\ransomware-simulator-1.0.3\\lib\\encrypt\\TestDocument.docx"
"Jul 16, 2024 @ 18:19:22.981","Windows-10-Home-Edition-Vulnerable-OS","Sysmon - Event 15: FileCreateStreamHash.",""File stream created:
RuleName: technique_id=T1189,technique_name=Drive-by Compromise
UtcTime: 2024-07-16 12:39:55.104
ProcessGuid: {e2220e9d-6760-6696-8000-000000002600}
ProcessId: 4424
Image: C:\Windows\Explorer.EXE
TargetFilename: C:\Users\compromised-windows\Downloads\ransomware-simulator-1.0.3\ransomware-simulator-1.0.3\lib\encrypt\TestDocument.docx:Zone.Identifier
CreationUtcTime: 2022-05-15 21:35:36.000
Hash: SHA1=D59FC84CDD5217C6CF74785703655F78DA6B582B,MD5=FBCCF14D504B7B2DBCB5A5BDA75BD93B,SHA256=EACD09517CE90D34BA562171D15AC40D302F0E691B439F91BE1B6406E25F5913,IMPHASH=00000000000000000000000000000000
Contents: [ZoneTransfer]  ZoneId=3  
User: WINDOWS-11-VULN\compromised-windows"","C:\\Users\\compromised-windows\\Downloads\\ransomware-simulator-1.0.3\\ransomware-simulator-1.0.3\\lib\\encrypt\\TestDocument.docx:Zone.Identifier"
"Jul 16, 2024 @ 18:19:22.940","Windows-10-Home-Edition-Vulnerable-OS","Sysmon - Event 11: FileCreate.",""File created:
RuleName: -
UtcTime: 2024-07-16 12:39:55.104
ProcessGuid: {e2220e9d-6760-6696-8000-000000002600}
ProcessId: 4424
Image: C:\Windows\Explorer.EXE
TargetFilename: C:\Users\compromised-windows\Downloads\ransomware-simulator-1.0.3\ransomware-simulator-1.0.3\lib\encrypt\TestDocument.docx:Zone.Identifier
CreationUtcTime: 2022-05-15 21:35:36.000
User: WINDOWS-11-VULN\compromised-windows"","C:\\Users\\compromised-windows\\Downloads\\ransomware-simulator-1.0.3\\ransomware-simulator-1.0.3\\lib\\encrypt\\TestDocument.docx:Zone.Identifier"
"Jul 16, 2024 @ 18:19:22.918","Windows-10-Home-Edition-Vulnerable-OS","Sysmon - Event 15: FileCreateStreamHash.",""File stream created:
RuleName: -
UtcTime: 2024-07-16 12:39:55.104
ProcessGuid: {e2220e9d-6760-6696-8000-000000002600}
ProcessId: 4424
Image: C:\Windows\Explorer.EXE
TargetFilename: C:\Users\compromised-windows\Downloads\ransomware-simulator-1.0.3\ransomware-simulator-1.0.3\lib\encrypt\TestDocument.docx
CreationUtcTime: 2022-05-15 21:35:36.000
Hash: SHA1=70F6A64A82F3CFE82464B435A6E533AB515C3C3A,MD5=9A8416C7715C64836383BF0440E0F589,SHA256=F517F7F467ECEC9ED34B3D6460F9726A8C89F918EA9CFA7416CCC8A47E4C5689,IMPHASH=00000000000000000000000000000000
Contents: -
User: WINDOWS-11-VULN\compromised-windows"","C:\\Users\\compromised-windows\\Downloads\\ransomware-simulator-1.0.3\\ransomware-simulator-1.0.3\\lib\\encrypt\\TestDocument.docx"
"Jul 16, 2024 @ 18:19:22.872","Windows-10-Home-Edition-Vulnerable-OS","Sysmon - Event 11: FileCreate.",""File created:
RuleName: -
UtcTime: 2024-07-16 12:39:55.080
ProcessGuid: {e2220e9d-6760-6696-8000-000000002600}
ProcessId: 4424
Image: C:\Windows\Explorer.EXE
TargetFilename: C:\Users\compromised-windows\Downloads\ransomware-simulator-1.0.3\ransomware-simulator-1.0.3\lib\encrypt\TestDocument.docx
CreationUtcTime: 2024-07-16 12:39:55.080
User: WINDOWS-11-VULN\compromised-windows"","C:\\Users\\compromised-windows\\Downloads\\ransomware-simulator-1.0.3\\ransomware-simulator-1.0.3\\lib\\encrypt\\TestDocument.docx"
"Jul 16, 2024 @ 18:19:22.857","Windows-10-Home-Edition-Vulnerable-OS","Sysmon - Event 11: FileCreate.",""File created:
RuleName: -
UtcTime: 2024-07-16 12:39:55.080
ProcessGuid: {e2220e9d-6760-6696-8000-000000002600}
ProcessId: 4424
Image: C:\Windows\Explorer.EXE
TargetFilename: C:\Users\compromised-windows\Downloads\ransomware-simulator-1.0.3\ransomware-simulator-1.0.3\lib\encrypt
CreationUtcTime: 2024-07-16 12:39:55.080
User: WINDOWS-11-VULN\compromised-windows"","C:\\Users\\compromised-windows\\Downloads\\ransomware-simulator-1.0.3\\ransomware-simulator-1.0.3\\lib\\encrypt"
"Jul 16, 2024 @ 18:19:22.823","Windows-10-Home-Edition-Vulnerable-OS","Sysmon - Event 11: FileCreate.",""File created:
RuleName: -
UtcTime: 2024-07-16 12:39:55.080
ProcessGuid: {e2220e9d-6760-6696-8000-000000002600}
ProcessId: 4424
Image: C:\Windows\Explorer.EXE
TargetFilename: C:\Users\compromised-windows\Downloads\ransomware-simulator-1.0.3\ransomware-simulator-1.0.3\lib
CreationUtcTime: 2024-07-16 12:39:55.080
User: WINDOWS-11-VULN\compromised-windows"","C:\\Users\\compromised-windows\\Downloads\\ransomware-simulator-1.0.3\\ransomware-simulator-1.0.3\\lib"
"Jul 16, 2024 @ 18:19:22.811","Windows-10-Home-Edition-Vulnerable-OS","Sysmon - Event 15: FileCreateStreamHash.",""File stream created:
RuleName: technique_id=T1189,technique_name=Drive-by Compromise
UtcTime: 2024-07-16 12:39:55.057
ProcessGuid: {e2220e9d-6760-6696-8000-000000002600}
ProcessId: 4424
Image: C:\Windows\Explorer.EXE
TargetFilename: C:\Users\compromised-windows\Downloads\ransomware-simulator-1.0.3\ransomware-simulator-1.0.3\images\quickbuck_demo.png:Zone.Identifier
CreationUtcTime: 2022-05-15 21:35:36.000
Hash: SHA1=E93D1A434B59A42820732197B71B86D06DFCC038,MD5=945082ECF1E638025DA201AD4A68A73A,SHA256=BDD25DDAD86AE69B59E5B113DCAAE19D4FEFE3C65E9F56276F869E0A05D0D349,IMPHASH=00000000000000000000000000000000
Contents: [ZoneTransfer]  ZoneId=3  ReferrerUrl=C:\Users\compromised-windows\Downloads\ransomware-simulator-1.0.3.zip  
User: WINDOWS-11-VULN\compromised-windows"","C:\\Users\\compromised-windows\\Downloads\\ransomware-simulator-1.0.3\\ransomware-simulator-1.0.3\\images\\quickbuck_demo.png:Zone.Identifier"
"Jul 16, 2024 @ 18:19:22.792","Windows-10-Home-Edition-Vulnerable-OS","Sysmon - Event 15: FileCreateStreamHash.",""File stream created:
RuleName: -
UtcTime: 2024-07-16 12:39:55.057
ProcessGuid: {e2220e9d-6760-6696-8000-000000002600}
ProcessId: 4424
Image: C:\Windows\Explorer.EXE
TargetFilename: C:\Users\compromised-windows\Downloads\ransomware-simulator-1.0.3\ransomware-simulator-1.0.3\images\quickbuck_demo.png
CreationUtcTime: 2022-05-15 21:35:36.000
Hash: SHA1=EB71FBB91108D3F4CD4FD12318A3956CDD589324,MD5=F90ED456D05031D417A3EAF1736AA808,SHA256=460DFA509D399B25FD9462960A59CFCD1D7CA80B2108BD906A7B9BCFFF1751C5,IMPHASH=00000000000000000000000000000000
Contents: -
User: WINDOWS-11-VULN\compromised-windows"","C:\\Users\\compromised-windows\\Downloads\\ransomware-simulator-1.0.3\\ransomware-simulator-1.0.3\\images\\quickbuck_demo.png"
"Jul 16, 2024 @ 18:19:22.777","Windows-10-Home-Edition-Vulnerable-OS","Sysmon - Event 15: FileCreateStreamHash.",""File stream created:
RuleName: technique_id=T1189,technique_name=Drive-by Compromise
UtcTime: 2024-07-16 12:39:55.057
ProcessGuid: {e2220e9d-6760-6696-8000-000000002600}
ProcessId: 4424
Image: C:\Windows\Explorer.EXE
TargetFilename: C:\Users\compromised-windows\Downloads\ransomware-simulator-1.0.3\ransomware-simulator-1.0.3\images\quickbuck_demo.png:Zone.Identifier
CreationUtcTime: 2022-05-15 21:35:36.000
Hash: SHA1=D59FC84CDD5217C6CF74785703655F78DA6B582B,MD5=FBCCF14D504B7B2DBCB5A5BDA75BD93B,SHA256=EACD09517CE90D34BA562171D15AC40D302F0E691B439F91BE1B6406E25F5913,IMPHASH=00000000000000000000000000000000
Contents: [ZoneTransfer]  ZoneId=3  
User: WINDOWS-11-VULN\compromised-windows"","C:\\Users\\compromised-windows\\Downloads\\ransomware-simulator-1.0.3\\ransomware-simulator-1.0.3\\images\\quickbuck_demo.png:Zone.Identifier"
"Jul 16, 2024 @ 18:19:22.756","Windows-10-Home-Edition-Vulnerable-OS","Sysmon - Event 11: FileCreate.",""File created:
RuleName: -
UtcTime: 2024-07-16 12:39:55.057
ProcessGuid: {e2220e9d-6760-6696-8000-000000002600}
ProcessId: 4424
Image: C:\Windows\Explorer.EXE
TargetFilename: C:\Users\compromised-windows\Downloads\ransomware-simulator-1.0.3\ransomware-simulator-1.0.3\images\quickbuck_demo.png:Zone.Identifier
CreationUtcTime: 2022-05-15 21:35:36.000
User: WINDOWS-11-VULN\compromised-windows"","C:\\Users\\compromised-windows\\Downloads\\ransomware-simulator-1.0.3\\ransomware-simulator-1.0.3\\images\\quickbuck_demo.png:Zone.Identifier"
"Jul 16, 2024 @ 18:19:22.729","Windows-10-Home-Edition-Vulnerable-OS","Sysmon - Event 15: FileCreateStreamHash.",""File stream created:
RuleName: -
UtcTime: 2024-07-16 12:39:55.057
ProcessGuid: {e2220e9d-6760-6696-8000-000000002600}
ProcessId: 4424
Image: C:\Windows\Explorer.EXE
TargetFilename: C:\Users\compromised-windows\Downloads\ransomware-simulator-1.0.3\ransomware-simulator-1.0.3\images\quickbuck_demo.png
CreationUtcTime: 2022-05-15 21:35:36.000
Hash: SHA1=EB71FBB91108D3F4CD4FD12318A3956CDD589324,MD5=F90ED456D05031D417A3EAF1736AA808,SHA256=460DFA509D399B25FD9462960A59CFCD1D7CA80B2108BD906A7B9BCFFF1751C5,IMPHASH=00000000000000000000000000000000
Contents: -
User: WINDOWS-11-VULN\compromised-windows"","C:\\Users\\compromised-windows\\Downloads\\ransomware-simulator-1.0.3\\ransomware-simulator-1.0.3\\images\\quickbuck_demo.png"
"Jul 16, 2024 @ 18:19:22.674","Windows-10-Home-Edition-Vulnerable-OS","Sysmon - Event 11: FileCreate.",""File created:
RuleName: -
UtcTime: 2024-07-16 12:39:55.033
ProcessGuid: {e2220e9d-6760-6696-8000-000000002600}
ProcessId: 4424
Image: C:\Windows\Explorer.EXE
TargetFilename: C:\Users\compromised-windows\Downloads\ransomware-simulator-1.0.3\ransomware-simulator-1.0.3\images\quickbuck_demo.png
CreationUtcTime: 2024-07-16 12:39:55.033
User: WINDOWS-11-VULN\compromised-windows"","C:\\Users\\compromised-windows\\Downloads\\ransomware-simulator-1.0.3\\ransomware-simulator-1.0.3\\images\\quickbuck_demo.png"
"Jul 16, 2024 @ 18:19:22.653","Windows-10-Home-Edition-Vulnerable-OS","Sysmon - Event 11: FileCreate.",""File created:
RuleName: -
UtcTime: 2024-07-16 12:39:55.033
ProcessGuid: {e2220e9d-6760-6696-8000-000000002600}
ProcessId: 4424
Image: C:\Windows\Explorer.EXE
TargetFilename: C:\Users\compromised-windows\Downloads\ransomware-simulator-1.0.3\ransomware-simulator-1.0.3\images
CreationUtcTime: 2024-07-16 12:39:55.033
User: WINDOWS-11-VULN\compromised-windows"","C:\\Users\\compromised-windows\\Downloads\\ransomware-simulator-1.0.3\\ransomware-simulator-1.0.3\\images"
